<?xml version="1.0" encoding="UTF-8"?>
<!-- Generated by org.testng.reporters.JUnitXMLReporter -->
<testsuite hostname="DESKTOP-QRKD4E6" ignored="0" name="Default test" tests="4" failures="0" timestamp="11 mai 2018 22:50:19 GMT" time="0.127" errors="0">
  <testcase name="calcular_valor_da_taxa_do_frete_para_cep_de_RS" time="0.014" classname="conexao.serra.testng.CalculaFreteTest"/>
  <testcase name="calcular_valor_da_taxa_do_frete_para_cep_de_SC" time="0.003" classname="conexao.serra.testng.CalculaFreteTest"/>
  <testcase name="calcular_valor_da_taxa_do_frete_para_cep_fora_da_cobertura" time="0.005" classname="conexao.serra.testng.CalculaFreteTest"/>
  <testcase name="calcular_valor_da_taxa_do_frete_para_cep_menor_fora_da_cobertura" time="0.003" classname="conexao.serra.testng.CalculaFreteTest"/>
</testsuite> <!-- Default test -->
