<?xml version="1.0" encoding="UTF-8"?>
<!-- Generated by org.testng.reporters.JUnitXMLReporter -->
<testsuite hostname="ndd-desk-dev094" ignored="0" name="Default test" tests="2" failures="0" timestamp="10 mai 2018 01:02:08 GMT" time="0.03" errors="0">
  <testcase name="calcular_valor_da_taxa_do_frete_para_cep_de_SC" time="0.009" classname="conexao.serra.testng.CalculaFreteTest"/>
  <testcase name="calcular_valor_da_taxa_do_frete_para_cep_fora_da_cobertura" time="0.001" classname="conexao.serra.testng.CalculaFreteTest"/>
</testsuite> <!-- Default test -->
