<?xml version="1.0" encoding="UTF-8"?>
<!-- Generated by org.testng.reporters.JUnitXMLReporter -->
<testsuite hostname="DESKTOP-QRKD4E6" ignored="0" name="Teste" tests="5" failures="0" timestamp="11 mai 2018 20:48:17 GMT" time="0.299" errors="0">
  <testcase name="DeveriaEfetuarCompraComDinheiroComSucesso" time="0.057" classname="conexao.serra.mockito.ClienteMockitoTest"/>
  <testcase name="DeveriaEfetuarCompraComCartaoComSucesso" time="0.002" classname="conexao.serra.integration.ClienteIntegrationTest"/>
  <testcase name="DeveriaEfetuarCompraComDinheiroComSucesso" time="0.002" classname="conexao.serra.integration.ClienteIntegrationTest"/>
  <testcase name="NaoDeveriaEfetuarCompraSemDinheiroSuficiente" time="0.002" classname="conexao.serra.integration.ClienteIntegrationTest"/>
  <testcase name="calcular_valor_da_taxa_do_frete_para_cep_de_SC" time="0.008" classname="conexao.serra.testng.CalculaFreteTest"/>
</testsuite> <!-- Teste -->
