<?xml version="1.0" encoding="UTF-8"?>
<testng-results skipped="0" failed="0" ignored="0" total="1" passed="1">
  <reporter-output>
  </reporter-output>
  <suite name="Default suite" duration-ms="26" started-at="2018-05-09T18:26:14Z" finished-at="2018-05-09T18:26:14Z">
    <groups>
    </groups>
    <test name="Default test" duration-ms="26" started-at="2018-05-09T18:26:14Z" finished-at="2018-05-09T18:26:14Z">
      <class name="conexao.serra.SonarTest">
        <test-method status="PASS" signature="testar_alvarino()[pri:0, instance:conexao.serra.SonarTest@724af044]" name="testar_alvarino" duration-ms="8" started-at="2018-05-09T18:26:14Z" finished-at="2018-05-09T18:26:14Z">
          <reporter-output>
          </reporter-output>
        </test-method> <!-- testar_alvarino -->
      </class> <!-- conexao.serra.SonarTest -->
    </test> <!-- Default test -->
  </suite> <!-- Default suite -->
</testng-results>
