<?xml version="1.0" encoding="UTF-8"?>
<testng-results skipped="0" failed="0" ignored="0" total="4" passed="4">
  <reporter-output>
  </reporter-output>
  <suite name="Default suite" duration-ms="127" started-at="2018-05-11T22:50:19Z" finished-at="2018-05-11T22:50:19Z">
    <groups>
    </groups>
    <test name="Default test" duration-ms="127" started-at="2018-05-11T22:50:19Z" finished-at="2018-05-11T22:50:19Z">
      <class name="conexao.serra.testng.CalculaFreteTest">
        <test-method status="PASS" signature="executarAntesDometodo()[pri:0, instance:conexao.serra.testng.CalculaFreteTest@2f00f851]" name="executarAntesDometodo" is-config="true" duration-ms="13" started-at="2018-05-11T22:50:19Z" finished-at="2018-05-11T22:50:19Z">
          <reporter-output>
          </reporter-output>
        </test-method> <!-- executarAntesDometodo -->
        <test-method status="PASS" signature="calcular_valor_da_taxa_do_frete_para_cep_de_RS()[pri:0, instance:conexao.serra.testng.CalculaFreteTest@2f00f851]" name="calcular_valor_da_taxa_do_frete_para_cep_de_RS" duration-ms="14" started-at="2018-05-11T22:50:19Z" finished-at="2018-05-11T22:50:19Z">
          <reporter-output>
          </reporter-output>
        </test-method> <!-- calcular_valor_da_taxa_do_frete_para_cep_de_RS -->
        <test-method status="PASS" signature="executarAntesDometodo()[pri:0, instance:conexao.serra.testng.CalculaFreteTest@2f00f851]" name="executarAntesDometodo" is-config="true" duration-ms="3" started-at="2018-05-11T22:50:19Z" finished-at="2018-05-11T22:50:19Z">
          <reporter-output>
          </reporter-output>
        </test-method> <!-- executarAntesDometodo -->
        <test-method status="PASS" signature="calcular_valor_da_taxa_do_frete_para_cep_de_SC()[pri:0, instance:conexao.serra.testng.CalculaFreteTest@2f00f851]" name="calcular_valor_da_taxa_do_frete_para_cep_de_SC" duration-ms="3" started-at="2018-05-11T22:50:19Z" finished-at="2018-05-11T22:50:19Z">
          <reporter-output>
          </reporter-output>
        </test-method> <!-- calcular_valor_da_taxa_do_frete_para_cep_de_SC -->
        <test-method status="PASS" signature="executarAntesDometodo()[pri:0, instance:conexao.serra.testng.CalculaFreteTest@2f00f851]" name="executarAntesDometodo" is-config="true" duration-ms="1" started-at="2018-05-11T22:50:19Z" finished-at="2018-05-11T22:50:19Z">
          <reporter-output>
          </reporter-output>
        </test-method> <!-- executarAntesDometodo -->
        <test-method status="PASS" signature="calcular_valor_da_taxa_do_frete_para_cep_fora_da_cobertura()[pri:0, instance:conexao.serra.testng.CalculaFreteTest@2f00f851]" name="calcular_valor_da_taxa_do_frete_para_cep_fora_da_cobertura" duration-ms="5" started-at="2018-05-11T22:50:19Z" finished-at="2018-05-11T22:50:19Z">
          <exception class="exceptions.TaxaUFNaoEncontradaException">
            <message>
              <![CDATA[Taxa de frete n�o encontrada para o CEP informado.]]>
            </message>
            <full-stacktrace>
              <![CDATA[exceptions.TaxaUFNaoEncontradaException: Taxa de frete n�o encontrada para o CEP informado.
at model.CalculaFrete.taxaDeFretePorEstado(CalculaFrete.java:15)
at conexao.serra.testng.CalculaFreteTest.calcular_valor_da_taxa_do_frete_para_cep_fora_da_cobertura(CalculaFreteTest.java:56)
at sun.reflect.NativeMethodAccessorImpl.invoke0(Native Method)
at sun.reflect.NativeMethodAccessorImpl.invoke(Unknown Source)
at sun.reflect.DelegatingMethodAccessorImpl.invoke(Unknown Source)
at java.lang.reflect.Method.invoke(Unknown Source)
at org.testng.internal.MethodInvocationHelper.invokeMethod(MethodInvocationHelper.java:124)
at org.testng.internal.Invoker.invokeMethod(Invoker.java:583)
at org.testng.internal.Invoker.invokeTestMethod(Invoker.java:719)
at org.testng.internal.Invoker.invokeTestMethods(Invoker.java:989)
at org.testng.internal.TestMethodWorker.invokeTestMethods(TestMethodWorker.java:125)
at org.testng.internal.TestMethodWorker.run(TestMethodWorker.java:109)
at org.testng.TestRunner.privateRun(TestRunner.java:648)
at org.testng.TestRunner.run(TestRunner.java:505)
at org.testng.SuiteRunner.runTest(SuiteRunner.java:455)
at org.testng.SuiteRunner.runSequentially(SuiteRunner.java:450)
at org.testng.SuiteRunner.privateRun(SuiteRunner.java:415)
at org.testng.SuiteRunner.run(SuiteRunner.java:364)
at org.testng.SuiteRunnerWorker.runSuite(SuiteRunnerWorker.java:52)
at org.testng.SuiteRunnerWorker.run(SuiteRunnerWorker.java:84)
at org.testng.TestNG.runSuitesSequentially(TestNG.java:1208)
at org.testng.TestNG.runSuitesLocally(TestNG.java:1137)
at org.testng.TestNG.runSuites(TestNG.java:1049)
at org.testng.TestNG.run(TestNG.java:1017)
at org.testng.remote.AbstractRemoteTestNG.run(AbstractRemoteTestNG.java:114)
at org.testng.remote.RemoteTestNG.initAndRun(RemoteTestNG.java:251)
at org.testng.remote.RemoteTestNG.main(RemoteTestNG.java:77)
]]>
            </full-stacktrace>
          </exception> <!-- exceptions.TaxaUFNaoEncontradaException -->
          <reporter-output>
          </reporter-output>
        </test-method> <!-- calcular_valor_da_taxa_do_frete_para_cep_fora_da_cobertura -->
        <test-method status="PASS" signature="executarAntesDometodo()[pri:0, instance:conexao.serra.testng.CalculaFreteTest@2f00f851]" name="executarAntesDometodo" is-config="true" duration-ms="1" started-at="2018-05-11T22:50:19Z" finished-at="2018-05-11T22:50:19Z">
          <reporter-output>
          </reporter-output>
        </test-method> <!-- executarAntesDometodo -->
        <test-method status="PASS" signature="calcular_valor_da_taxa_do_frete_para_cep_menor_fora_da_cobertura()[pri:0, instance:conexao.serra.testng.CalculaFreteTest@2f00f851]" name="calcular_valor_da_taxa_do_frete_para_cep_menor_fora_da_cobertura" duration-ms="3" started-at="2018-05-11T22:50:19Z" finished-at="2018-05-11T22:50:19Z">
          <exception class="exceptions.TaxaUFNaoEncontradaException">
            <message>
              <![CDATA[Taxa de frete n�o encontrada para o CEP informado.]]>
            </message>
            <full-stacktrace>
              <![CDATA[exceptions.TaxaUFNaoEncontradaException: Taxa de frete n�o encontrada para o CEP informado.
at model.CalculaFrete.taxaDeFretePorEstado(CalculaFrete.java:15)
at conexao.serra.testng.CalculaFreteTest.calcular_valor_da_taxa_do_frete_para_cep_menor_fora_da_cobertura(CalculaFreteTest.java:62)
at sun.reflect.NativeMethodAccessorImpl.invoke0(Native Method)
at sun.reflect.NativeMethodAccessorImpl.invoke(Unknown Source)
at sun.reflect.DelegatingMethodAccessorImpl.invoke(Unknown Source)
at java.lang.reflect.Method.invoke(Unknown Source)
at org.testng.internal.MethodInvocationHelper.invokeMethod(MethodInvocationHelper.java:124)
at org.testng.internal.Invoker.invokeMethod(Invoker.java:583)
at org.testng.internal.Invoker.invokeTestMethod(Invoker.java:719)
at org.testng.internal.Invoker.invokeTestMethods(Invoker.java:989)
at org.testng.internal.TestMethodWorker.invokeTestMethods(TestMethodWorker.java:125)
at org.testng.internal.TestMethodWorker.run(TestMethodWorker.java:109)
at org.testng.TestRunner.privateRun(TestRunner.java:648)
at org.testng.TestRunner.run(TestRunner.java:505)
at org.testng.SuiteRunner.runTest(SuiteRunner.java:455)
at org.testng.SuiteRunner.runSequentially(SuiteRunner.java:450)
at org.testng.SuiteRunner.privateRun(SuiteRunner.java:415)
at org.testng.SuiteRunner.run(SuiteRunner.java:364)
at org.testng.SuiteRunnerWorker.runSuite(SuiteRunnerWorker.java:52)
at org.testng.SuiteRunnerWorker.run(SuiteRunnerWorker.java:84)
at org.testng.TestNG.runSuitesSequentially(TestNG.java:1208)
at org.testng.TestNG.runSuitesLocally(TestNG.java:1137)
at org.testng.TestNG.runSuites(TestNG.java:1049)
at org.testng.TestNG.run(TestNG.java:1017)
at org.testng.remote.AbstractRemoteTestNG.run(AbstractRemoteTestNG.java:114)
at org.testng.remote.RemoteTestNG.initAndRun(RemoteTestNG.java:251)
at org.testng.remote.RemoteTestNG.main(RemoteTestNG.java:77)
]]>
            </full-stacktrace>
          </exception> <!-- exceptions.TaxaUFNaoEncontradaException -->
          <reporter-output>
          </reporter-output>
        </test-method> <!-- calcular_valor_da_taxa_do_frete_para_cep_menor_fora_da_cobertura -->
      </class> <!-- conexao.serra.testng.CalculaFreteTest -->
    </test> <!-- Default test -->
  </suite> <!-- Default suite -->
</testng-results>
